{
  "stats": {
    "suites": 3,
    "tests": 6,
    "passes": 6,
    "pending": 0,
    "failures": 0,
    "start": "2023-01-28T18:22:43.525Z",
    "end": "2023-01-28T18:23:07.177Z",
    "duration": 23652,
    "testsRegistered": 6,
    "passPercent": 100,
    "pendingPercent": 0,
    "other": 0,
    "hasOther": false,
    "skipped": 0,
    "hasSkipped": false
  },
  "results": [
    {
      "uuid": "84d01e73-3718-4f75-bd16-2d1c68c82706",
      "title": "",
      "fullFile": "cypress\\e2e\\sprint1.cy.js",
      "file": "cypress\\e2e\\sprint1.cy.js",
      "beforeHooks": [],
      "afterHooks": [],
      "tests": [],
      "suites": [
        {
          "uuid": "0f239969-e575-4bf0-8d6f-8f79571f9ccb",
          "title": "Test width 1440px",
          "fullFile": "",
          "file": "",
          "beforeHooks": [],
          "afterHooks": [],
          "tests": [
            {
              "title": "test layout content view",
              "fullTitle": "Test width 1440px test layout content view",
              "timedOut": null,
              "duration": 6532,
              "state": "passed",
              "speed": "medium",
              "pass": true,
              "fail": false,
              "pending": false,
              "context": null,
              "code": "cy.get('[data-test-id=button-menu-view-list]').should('be.exist').click();\ncy.get('[data-test-id=app]').screenshot('content-list');\ncy.get('[data-test-id=button-menu-view-window]').should('be.exist').click();\ncy.get('[data-test-id=app]').screenshot('content-window');",
              "err": {},
              "uuid": "a8b9a400-ab99-419e-bdba-2d07a8d920c0",
              "parentUUID": "0f239969-e575-4bf0-8d6f-8f79571f9ccb",
              "isHook": false,
              "skipped": false
            },
            {
              "title": "test layout book-page",
              "fullTitle": "Test width 1440px test layout book-page",
              "timedOut": null,
              "duration": 2046,
              "state": "passed",
              "speed": "fast",
              "pass": true,
              "fail": false,
              "pending": false,
              "context": null,
              "code": "cy.get('[data-test-id=card]').first().click();\ncy.get('[data-test-id=app]').screenshot('book-page');",
              "err": {},
              "uuid": "9bb915b9-6d2d-40c6-98b1-544ec6318610",
              "parentUUID": "0f239969-e575-4bf0-8d6f-8f79571f9ccb",
              "isHook": false,
              "skipped": false
            }
          ],
          "suites": [],
          "passes": [
            "a8b9a400-ab99-419e-bdba-2d07a8d920c0",
            "9bb915b9-6d2d-40c6-98b1-544ec6318610"
          ],
          "failures": [],
          "pending": [],
          "skipped": [],
          "duration": 8578,
          "root": false,
          "rootEmpty": false,
          "_timeout": 2000
        },
        {
          "uuid": "2dbc620b-2350-41e3-b22e-203bb03c7a03",
          "title": "Test width 768px",
          "fullFile": "",
          "file": "",
          "beforeHooks": [],
          "afterHooks": [],
          "tests": [
            {
              "title": "test layout content view",
              "fullTitle": "Test width 768px test layout content view",
              "timedOut": null,
              "duration": 3326,
              "state": "passed",
              "speed": "fast",
              "pass": true,
              "fail": false,
              "pending": false,
              "context": null,
              "code": "cy.get('[data-test-id=button-menu-view-list]').should('be.exist').click();\ncy.get('[data-test-id=app]').screenshot('content-list 768px');\ncy.get('[data-test-id=button-menu-view-window]').should('be.exist').click();\ncy.get('[data-test-id=app]').screenshot('content-window 768px');",
              "err": {},
              "uuid": "df8209d1-0539-4f26-9ad2-fb3f5863df27",
              "parentUUID": "2dbc620b-2350-41e3-b22e-203bb03c7a03",
              "isHook": false,
              "skipped": false
            },
            {
              "title": "test layout book-page",
              "fullTitle": "Test width 768px test layout book-page",
              "timedOut": null,
              "duration": 1864,
              "state": "passed",
              "speed": "fast",
              "pass": true,
              "fail": false,
              "pending": false,
              "context": null,
              "code": "cy.get('[data-test-id=card]').first().click();\ncy.get('[data-test-id=app]').screenshot('book-page 768px');",
              "err": {},
              "uuid": "406673f7-debd-4bbd-9b45-46c0f2655c79",
              "parentUUID": "2dbc620b-2350-41e3-b22e-203bb03c7a03",
              "isHook": false,
              "skipped": false
            }
          ],
          "suites": [],
          "passes": [
            "df8209d1-0539-4f26-9ad2-fb3f5863df27",
            "406673f7-debd-4bbd-9b45-46c0f2655c79"
          ],
          "failures": [],
          "pending": [],
          "skipped": [],
          "duration": 5190,
          "root": false,
          "rootEmpty": false,
          "_timeout": 2000
        },
        {
          "uuid": "49434773-e829-4921-8b89-2d7e3b0c012e",
          "title": "Test width 320px",
          "fullFile": "",
          "file": "",
          "beforeHooks": [],
          "afterHooks": [],
          "tests": [
            {
              "title": "test layout content view",
              "fullTitle": "Test width 320px test layout content view",
              "timedOut": null,
              "duration": 5467,
              "state": "passed",
              "speed": "medium",
              "pass": true,
              "fail": false,
              "pending": false,
              "context": null,
              "code": "cy.get('[data-test-id=button-menu-view-list]').should('be.exist').click();\ncy.get('[data-test-id=app]').screenshot('content-list 320px');\ncy.get('[data-test-id=button-menu-view-window]').should('be.exist').click();\ncy.get('[data-test-id=app]').screenshot('content-window 320px');",
              "err": {},
              "uuid": "eb7d6e34-48ce-46ef-b181-b7f646da65a6",
              "parentUUID": "49434773-e829-4921-8b89-2d7e3b0c012e",
              "isHook": false,
              "skipped": false
            },
            {
              "title": "test layout book-page",
              "fullTitle": "Test width 320px test layout book-page",
              "timedOut": null,
              "duration": 2445,
              "state": "passed",
              "speed": "fast",
              "pass": true,
              "fail": false,
              "pending": false,
              "context": null,
              "code": "cy.get('[data-test-id=card]').first().click();\ncy.get('[data-test-id=app]').screenshot('book-page 320px');",
              "err": {},
              "uuid": "5a69788d-001d-449a-b1e9-65026076a9f5",
              "parentUUID": "49434773-e829-4921-8b89-2d7e3b0c012e",
              "isHook": false,
              "skipped": false
            }
          ],
          "suites": [],
          "passes": [
            "eb7d6e34-48ce-46ef-b181-b7f646da65a6",
            "5a69788d-001d-449a-b1e9-65026076a9f5"
          ],
          "failures": [],
          "pending": [],
          "skipped": [],
          "duration": 7912,
          "root": false,
          "rootEmpty": false,
          "_timeout": 2000
        }
      ],
      "passes": [],
      "failures": [],
      "pending": [],
      "skipped": [],
      "duration": 0,
      "root": true,
      "rootEmpty": true,
      "_timeout": 2000
    }
  ],
  "meta": {
    "mocha": {
      "version": "7.0.1"
    },
    "mochawesome": {
      "options": {
        "quiet": false,
        "reportFilename": "report",
        "saveHtml": false,
        "saveJson": true,
        "consoleReporter": "spec",
        "useInlineDiffs": false,
        "code": true
      },
      "version": "7.1.3"
    },
    "marge": {
      "options": {
        "html": false,
        "json": true,
        "reportDir": "cypress/report",
        "reportFilename": "report",
        "overwrite": true
      },
      "version": "6.2.0"
    }
  }
}